0 info it worked if it ends with ok
1 verbose cli [ '/Users/phoebeespiritu/.nvm/versions/node/v6.7.0/bin/node',
1 verbose cli   '/Users/phoebeespiritu/.nvm/versions/node/v6.7.0/bin/npm',
1 verbose cli   'run',
1 verbose cli   'start' ]
2 info using npm@3.10.3
3 info using node@v6.7.0
4 verbose run-script [ 'prestart', 'start', 'poststart' ]
5 info lifecycle cg-site@1.0.0~prestart: cg-site@1.0.0
6 silly lifecycle cg-site@1.0.0~prestart: no script for prestart, continuing
7 info lifecycle cg-site@1.0.0~start: cg-site@1.0.0
8 verbose lifecycle cg-site@1.0.0~start: unsafe-perm in lifecycle true
9 verbose lifecycle cg-site@1.0.0~start: PATH: /Users/phoebeespiritu/.nvm/versions/node/v6.7.0/lib/node_modules/npm/bin/node-gyp-bin:/Users/phoebeespiritu/GitHub/cg-site/node_modules/.bin:/Users/phoebeespiritu/.nvm/versions/node/v6.7.0/bin:/Users/phoebeespiritu/.rvm/gems/ruby-2.3.1/bin:/Users/phoebeespiritu/.rvm/gems/ruby-2.3.1@global/bin:/Users/phoebeespiritu/.rvm/rubies/ruby-2.3.1/bin:/Users/phoebeespiritu/.nvm/versions/node/v6.7.0/bin:/Users/phoebeespiritu/.bin:/Library/Frameworks/Python.framework/Versions/3.5/bin:/usr/local/bin:/usr/bin:/bin:/usr/sbin:/sbin:/Users/phoebeespiritu/.rvm/bin
10 verbose lifecycle cg-site@1.0.0~start: CWD: /Users/phoebeespiritu/GitHub/cg-site
11 silly lifecycle cg-site@1.0.0~start: Args: [ '-c', 'npm run build && hugo server --renderToDisk' ]
12 silly lifecycle cg-site@1.0.0~start: Returned: code: 2  signal: null
13 info lifecycle cg-site@1.0.0~start: Failed to exec start script
14 verbose stack Error: cg-site@1.0.0 start: `npm run build && hugo server --renderToDisk`
14 verbose stack Exit status 2
14 verbose stack     at EventEmitter.<anonymous> (/Users/phoebeespiritu/.nvm/versions/node/v6.7.0/lib/node_modules/npm/lib/utils/lifecycle.js:242:16)
14 verbose stack     at emitTwo (events.js:106:13)
14 verbose stack     at EventEmitter.emit (events.js:191:7)
14 verbose stack     at ChildProcess.<anonymous> (/Users/phoebeespiritu/.nvm/versions/node/v6.7.0/lib/node_modules/npm/lib/utils/spawn.js:40:14)
14 verbose stack     at emitTwo (events.js:106:13)
14 verbose stack     at ChildProcess.emit (events.js:191:7)
14 verbose stack     at maybeClose (internal/child_process.js:877:16)
14 verbose stack     at Process.ChildProcess._handle.onexit (internal/child_process.js:226:5)
15 verbose pkgid cg-site@1.0.0
16 verbose cwd /Users/phoebeespiritu/GitHub/cg-site
17 error Darwin 16.7.0
18 error argv "/Users/phoebeespiritu/.nvm/versions/node/v6.7.0/bin/node" "/Users/phoebeespiritu/.nvm/versions/node/v6.7.0/bin/npm" "run" "start"
19 error node v6.7.0
20 error npm  v3.10.3
21 error code ELIFECYCLE
22 error cg-site@1.0.0 start: `npm run build && hugo server --renderToDisk`
22 error Exit status 2
23 error Failed at the cg-site@1.0.0 start script 'npm run build && hugo server --renderToDisk'.
23 error Make sure you have the latest version of node.js and npm installed.
23 error If you do, this is most likely a problem with the cg-site package,
23 error not with npm itself.
23 error Tell the author that this fails on your system:
23 error     npm run build && hugo server --renderToDisk
23 error You can get information on how to open an issue for this project with:
23 error     npm bugs cg-site
23 error Or if that isn't available, you can get their info via:
23 error     npm owner ls cg-site
23 error There is likely additional logging output above.
24 verbose exit [ 1, true ]
